<!DOCTYPE html PUBLIC "-//W3C//DTD XHTML 1.1//EN" "https://www.w3.org/TR/xhtml11/DTD/xhtml11.dtd">
<html xmlns="https://www.w3.org/1999/xhtml">
<head>
<meta http-equiv="content-type" content="text/html; charset=UTF-8"/>
<title>TestNG Report</title>
<style type="text/css">table {margin-bottom:10px;border-collapse:collapse;empty-cells:show}th,td {border:1px solid #009;padding:.25em .5em}th {vertical-align:bottom}td {vertical-align:top}table a {font-weight:bold}.stripe td {background-color: #E6EBF9}.num {text-align:right}.passedodd td {background-color: #3F3}.passedeven td {background-color: #0A0}.skippedodd td {background-color: #DDD}.skippedeven td {background-color: #CCC}.failedodd td,.attn {background-color: #F33}.failedeven td,.stripe .attn {background-color: #D00}.stacktrace {white-space:pre;font-family:monospace}.totop {font-size:85%;text-align:center;border-bottom:2px solid #000}.invisible {display:none}</style>
</head>
<body>
<table>
<tr><th>Test</th><th># Passed</th><th># Skipped</th><th># Retried</th><th># Failed</th><th>Time (ms)</th><th>Included Groups</th><th>Excluded Groups</th></tr>
<tr><th colspan="8">Suite</th></tr>
<tr><td><a href="#t0">Submit Order Test</a></td><td class="num">3</td><td class="num">0</td><td class="num">0</td><td class="num">0</td><td class="num">114,801</td><td></td><td></td></tr>
<tr class="stripe"><td><a href="#t1">Error Valications Test</a></td><td class="num">1</td><td class="num">0</td><td class="num attn">1</td><td class="num attn">1</td><td class="num">60,433</td><td></td><td></td></tr>
<tr><th>Total</th><th class="num">4</th><th class="num">0</th><th class="num attn">1</th><th class="num attn">1</th><th class="num">175,234</th><th colspan="2"></th></tr>
</table>
<table id='summary'><thead><tr><th>Class</th><th>Method</th><th>Start</th><th>Time (ms)</th></tr></thead><tbody><tr><th colspan="4">Suite</th></tr></tbody><tbody id="t0"><tr><th colspan="4">Submit Order Test &#8212; passed</th></tr><tr class="passedeven"><td rowspan="3">Automation.SeleniumrepeatProject.Tests.SubmitOrderTest</td><td><a href="#m0">OderDisplay</a></td><td rowspan="1">1692255341810</td><td rowspan="1">1031</td></tr><tr class="passedeven"><td><a href="#m1">submitOrder</a></td><td rowspan="2">1692255277358</td><td rowspan="2">23570</td></tr><tr class="passedeven"><td><a href="#m2">submitOrder</a></td></tr></tbody>
<tbody id="t1"><tr><th colspan="4">Error Valications Test &#8212; failed</th></tr><tr class="failedeven"><td rowspan="1">Automation.SeleniumrepeatProject.Tests.ErrorValidationsTest</td><td><a href="#m3">loginErrorValidation</a></td><td rowspan="1">1692255403437</td><td rowspan="1">565</td></tr><tr><th colspan="4">Error Valications Test &#8212; retried</th></tr><tr class="retriedeven"><td rowspan="1">Automation.SeleniumrepeatProject.Tests.ErrorValidationsTest</td><td><a href="#m4">loginErrorValidation</a></td><td rowspan="1">1692255386906</td><td rowspan="1">591</td></tr><tr><th colspan="4">Error Valications Test &#8212; passed</th></tr><tr class="passedeven"><td rowspan="1">Automation.SeleniumrepeatProject.Tests.ErrorValidationsTest</td><td><a href="#m5">ProductValidation</a></td><td rowspan="1">1692255358820</td><td rowspan="1">13873</td></tr></tbody>
</table>
<h2>Submit Order Test</h2><h3 id="m0">Automation.SeleniumrepeatProject.Tests.SubmitOrderTest#OderDisplay</h3><table class="result"><tr><th class="invisible"/></tr></table><p class="totop"><a href="#summary">back to summary</a></p>
<h3 id="m1">Automation.SeleniumrepeatProject.Tests.SubmitOrderTest#submitOrder</h3><table class="result"><tr class="param"><th>Parameter #1</th></tr><tr class="param stripe"><td>{password=Mkyasv@1234, ProductName=ZARA COAT 3, CountryName=india, username=shreyasdoshi48@gmail.com}</td></tr></table><p class="totop"><a href="#summary">back to summary</a></p>
<h3 id="m2">Automation.SeleniumrepeatProject.Tests.SubmitOrderTest#submitOrder</h3><table class="result"><tr class="param"><th>Parameter #1</th></tr><tr class="param stripe"><td>{password=Ssd@12345, ProductName=ADIDAS ORIGINAL, CountryName=aus, username=sswarali05@gmail.com}</td></tr></table><p class="totop"><a href="#summary">back to summary</a></p>
<h2>Error Valications Test</h2><h3 id="m3">Automation.SeleniumrepeatProject.Tests.ErrorValidationsTest#loginErrorValidation</h3><table class="result"><tr><th>Exception</th></tr><tr><td><div class="stacktrace">java.lang.AssertionError: expected [Incorrect email or password.] but found [Incorret email or password.]
	at Automation.SeleniumrepeatProject.Tests.ErrorValidationsTest.loginErrorValidation(ErrorValidationsTest.java:21)
	at java.base/java.util.ArrayList.forEach(ArrayList.java:1541)
... Removed 37 stack frames</div></td></tr></table><p class="totop"><a href="#summary">back to summary</a></p>
<h3 id="m4">Automation.SeleniumrepeatProject.Tests.ErrorValidationsTest#loginErrorValidation</h3><table class="result"><tr><th>Exception</th></tr><tr><td><div class="stacktrace">java.lang.AssertionError: expected [Incorrect email or password.] but found [Incorret email or password.]
	at Automation.SeleniumrepeatProject.Tests.ErrorValidationsTest.loginErrorValidation(ErrorValidationsTest.java:21)
	at java.base/java.util.ArrayList.forEach(ArrayList.java:1541)
... Removed 37 stack frames</div></td></tr></table><p class="totop"><a href="#summary">back to summary</a></p>
<h3 id="m5">Automation.SeleniumrepeatProject.Tests.ErrorValidationsTest#ProductValidation</h3><table class="result"><tr><th class="invisible"/></tr></table><p class="totop"><a href="#summary">back to summary</a></p>
</body>
</html>
