<?xml version="1.0" encoding="UTF-8"?>
<!-- Generated by org.testng.reporters.JUnitReportReporter -->
<testsuite hostname="SHREYAS-PC" failures="2" tests="2" name="Cucumber.TestNGTestRunner" time="46.016" errors="0" timestamp="2023-08-17T18:30:06 IST" skipped="0">
  <testcase classname="Cucumber.TestNGTestRunner" name="runScenario" time="20.792">
    <failure message="expected [true] but found [false]" type="java.lang.AssertionError">
      <![CDATA[java.lang.AssertionError: expected [true] but found [false]
at org.testng.Assert.fail(Assert.java:111)
at org.testng.Assert.failNotEquals(Assert.java:1578)
at org.testng.Assert.assertTrue(Assert.java:57)
at org.testng.Assert.assertTrue(Assert.java:67)
at Automation.SeleniumrepeatProjects.StepDefinations.SubmitOrderStepDefination.checkout_productname_and_select_the_country_and_submit_the_order(SubmitOrderStepDefination.java:46)
at ✽.checkout <Productname> and select the country aus and submit the order(file:///C:/Users/DELL/eclipse-workspace/SeleniumrepeatProject/src/test/java/Cucumber/SubmitOrder.feature:11)
]]>
    </failure>
  </testcase> <!-- runScenario -->
  <testcase classname="Cucumber.TestNGTestRunner" name="runScenario" time="25.224">
    <failure message="expected [true] but found [false]" type="java.lang.AssertionError">
      <![CDATA[java.lang.AssertionError: expected [true] but found [false]
at org.testng.Assert.fail(Assert.java:111)
at org.testng.Assert.failNotEquals(Assert.java:1578)
at org.testng.Assert.assertTrue(Assert.java:57)
at org.testng.Assert.assertTrue(Assert.java:67)
at Automation.SeleniumrepeatProjects.StepDefinations.SubmitOrderStepDefination.checkout_productname_and_select_the_country_and_submit_the_order(SubmitOrderStepDefination.java:46)
at ✽.checkout <Productname> and select the country india and submit the order(file:///C:/Users/DELL/eclipse-workspace/SeleniumrepeatProject/src/test/java/Cucumber/SubmitOrder.feature:11)
]]>
    </failure>
  </testcase> <!-- runScenario -->
</testsuite> <!-- Cucumber.TestNGTestRunner -->
